Myessoensis.XP_021362732.1_elongation_factorlike_G
Lanatina.XP_013413557.1_elongation_factorlike_GTPa
Bbelcheri.LOC109463052_elongation_factorlike_GTPas
Hsapiens.NP_078856.4_elongation_factor-like_GTPase
Aplanci.LOC110988091_elongation_factorlike_GTPase_
Avaga.UJR28421.1_hypothetical_protein_I4U23_009661
Dmelanogaster.CG33158_uncharacterized_protein_Dmel
Cintestinalis.LOC100175902_elongation_factorlike_G
Egranulosus.XP_024355481.1_Elongation_factor_Tu_GT
Dmelanogaster.eEF2_eukaryotic_translation_elongati
Lanatina.XP_013394736.1_elongation_factor_2
Avaga.UJR35689.1_hypothetical_protein_I4U23_028438
Avaga.UJR10301.1_hypothetical_protein_I4U23_014507
Aplanci.LOC110987647_elongation_factor_2like
Hsapiens.NP_001952.1_elongation_factor_2
Myessoensis.XP_021349219.1_elongation_factor_2like
Bbelcheri.LOC109464429_elongation_factor_2like
Cintestinalis.LOC100178953_LOW_QUALITY_PROTEIN_elo
Cintestinalis.LOC100177993_elongation_factor_2like
Myessoensis.XP_021362159.1_elongation_factor_2like
Avaga.UJR26319.1_hypothetical_protein_I4U23_007657
Egranulosus.XP_024354781.1_Elongation_factor_2
Myessoensis.XP_021345506.1_116_kDa_U5_small_nuclea
Lanatina.XP_023933490.1_116_kDa_U5_small_nuclear_r
Lanatina.XP_013419342.1_116_kDa_U5_small_nuclear_r
Cintestinalis.LOC100175824_116_kDa_U5_small_nuclea
Dmelanogaster.CG4849_uncharacterized_protein_Dmel_
Avaga.UJR09000.1_hypothetical_protein_I4U23_013250
Bbelcheri.LOC109461499_116_kDa_U5_small_nuclear_ri
Aplanci.LOC110989613_116_kDa_U5_small_nuclear_ribo
Egranulosus.XP_024347861.1_U5_small_nuclear_ribonu
Hsapiens.NP_004238.3_116_kDa_U5_small_nuclear_ribo
Avaga.UJR19151.1_hypothetical_protein_I4U23_022281
Myessoensis.XP_021350409.1_elongation_factor_2like
