Myessoensis.XP_021362732.1_elongation_factorlike_G	99.913	1145	0	1	0.0	2364	Myessoensis.XP_021362732.1_elongation_factorlike_G
Lanatina.XP_013413557.1_elongation_factorlike_GTPa	57.487	1162	437	13	0.0	1323	Lanatina.XP_013413557.1_elongation_factorlike_GTPa
Bbelcheri.LOC109463052_elongation_factorlike_GTPas	54.599	1185	462	12	0.0	1276	Bbelcheri.LOC109463052_elongation_factorlike_GTPas
Hsapiens.NP_078856.4_elongation_factor-like_GTPase	52.103	1165	480	20	0.0	1181	Hsapiens.NP_078856.4_elongation_factor-like_GTPase
Aplanci.LOC110988091_elongation_factorlike_GTPase_	52.003	1198	468	18	0.0	1154	Aplanci.LOC110988091_elongation_factorlike_GTPase_
Avaga.UJR28421.1_hypothetical_protein_I4U23_009661	47.708	1178	529	21	0.0	1070	Avaga.UJR28421.1_hypothetical_protein_I4U23_009661
Dmelanogaster.CG33158_uncharacterized_protein_Dmel	44.909	1149	496	17	0.0	954	Dmelanogaster.CG33158_uncharacterized_protein_Dmel
Cintestinalis.LOC100175902_elongation_factorlike_G	47.571	1091	430	18	0.0	943	Cintestinalis.LOC100175902_elongation_factorlike_G
Egranulosus.XP_024355481.1_Elongation_factor_Tu_GT	29.101	1134	511	33	1.23e-130	436	Egranulosus.XP_024355481.1_Elongation_factor_Tu_GT
Dmelanogaster.eEF2_eukaryotic_translation_elongati	34.773	440	223	8	3.09e-71	258	Dmelanogaster.eEF2_eukaryotic_translation_elongati
Lanatina.XP_013394736.1_elongation_factor_2	35.520	442	222	9	1.65e-70	255	Lanatina.XP_013394736.1_elongation_factor_2
Avaga.UJR35689.1_hypothetical_protein_I4U23_028438	35.909	440	219	10	7.52e-70	253	Avaga.UJR35689.1_hypothetical_protein_I4U23_028438
Avaga.UJR10301.1_hypothetical_protein_I4U23_014507	35.909	440	219	10	7.52e-70	253	Avaga.UJR10301.1_hypothetical_protein_I4U23_014507
Aplanci.LOC110987647_elongation_factor_2like	34.404	436	226	7	8.07e-69	250	Aplanci.LOC110987647_elongation_factor_2like
Hsapiens.NP_001952.1_elongation_factor_2	36.142	451	216	9	1.70e-68	249	Hsapiens.NP_001952.1_elongation_factor_2
Myessoensis.XP_021349219.1_elongation_factor_2like	35.321	436	220	8	2.19e-68	249	Myessoensis.XP_021349219.1_elongation_factor_2like
Bbelcheri.LOC109464429_elongation_factor_2like	34.852	439	224	8	6.78e-68	248	Bbelcheri.LOC109464429_elongation_factor_2like
Cintestinalis.LOC100178953_LOW_QUALITY_PROTEIN_elo	34.483	435	226	8	1.28e-67	247	Cintestinalis.LOC100178953_LOW_QUALITY_PROTEIN_elo
Cintestinalis.LOC100177993_elongation_factor_2like	34.852	439	220	9	3.11e-67	246	Cintestinalis.LOC100177993_elongation_factor_2like
Myessoensis.XP_021362159.1_elongation_factor_2like	33.860	443	225	9	8.19e-66	241	Myessoensis.XP_021362159.1_elongation_factor_2like
Avaga.UJR26319.1_hypothetical_protein_I4U23_007657	34.642	433	219	9	6.57e-65	239	Avaga.UJR26319.1_hypothetical_protein_I4U23_007657
Egranulosus.XP_024354781.1_Elongation_factor_2	34.573	457	219	11	7.52e-64	239	Egranulosus.XP_024354781.1_Elongation_factor_2
Myessoensis.XP_021345506.1_116_kDa_U5_small_nuclea	31.340	418	236	8	4.22e-57	213	Myessoensis.XP_021345506.1_116_kDa_U5_small_nuclea
Lanatina.XP_023933490.1_116_kDa_U5_small_nuclear_r	31.579	418	235	9	8.25e-57	216	Lanatina.XP_023933490.1_116_kDa_U5_small_nuclear_r
Lanatina.XP_013419342.1_116_kDa_U5_small_nuclear_r	31.579	418	235	9	1.22e-56	214	Lanatina.XP_013419342.1_116_kDa_U5_small_nuclear_r
Cintestinalis.LOC100175824_116_kDa_U5_small_nuclea	29.356	419	245	8	9.50e-52	200	Cintestinalis.LOC100175824_116_kDa_U5_small_nuclea
Dmelanogaster.CG4849_uncharacterized_protein_Dmel_	31.731	416	233	11	1.11e-51	200	Dmelanogaster.CG4849_uncharacterized_protein_Dmel_
Avaga.UJR09000.1_hypothetical_protein_I4U23_013250	28.606	416	246	8	4.09e-51	199	Avaga.UJR09000.1_hypothetical_protein_I4U23_013250
Bbelcheri.LOC109461499_116_kDa_U5_small_nuclear_ri	29.187	418	245	8	7.63e-50	194	Bbelcheri.LOC109461499_116_kDa_U5_small_nuclear_ri
Aplanci.LOC110989613_116_kDa_U5_small_nuclear_ribo	27.685	419	250	10	1.34e-47	187	Aplanci.LOC110989613_116_kDa_U5_small_nuclear_ribo
Egranulosus.XP_024347861.1_U5_small_nuclear_ribonu	30.623	369	220	7	2.56e-46	183	Egranulosus.XP_024347861.1_U5_small_nuclear_ribonu
Hsapiens.NP_004238.3_116_kDa_U5_small_nuclear_ribo	29.189	370	221	6	3.30e-45	180	Hsapiens.NP_004238.3_116_kDa_U5_small_nuclear_ribo
Avaga.UJR19151.1_hypothetical_protein_I4U23_022281	26.961	408	221	8	3.23e-44	175	Avaga.UJR19151.1_hypothetical_protein_I4U23_022281
Myessoensis.XP_021350409.1_elongation_factor_2like	28.640	419	248	10	3.69e-40	163	Myessoensis.XP_021350409.1_elongation_factor_2like
Myessoensis.XP_021359157.1_translation_factor_Guf1	45.926	135	72	1	2.96e-26	118	Myessoensis.XP_021359157.1_translation_factor_Guf1
Cintestinalis.LOC100184882_LOW_QUALITY_PROTEIN_tra	44.030	134	74	1	4.06e-26	117	Cintestinalis.LOC100184882_LOW_QUALITY_PROTEIN_tra
Dmelanogaster.waw_NA	48.092	131	67	1	1.27e-25	116	Dmelanogaster.waw_NA
Bbelcheri.LOC109467812_translation_factor_GUF1_mit	45.455	132	71	1	1.45e-25	116	Bbelcheri.LOC109467812_translation_factor_GUF1_mit
Aplanci.LOC110973253_translation_factor_Guf1_mitoc	45.455	132	71	1	3.62e-25	115	Aplanci.LOC110973253_translation_factor_Guf1_mitoc
Avaga.UJR37154.1_hypothetical_protein_I4U23_029864	42.857	133	75	1	4.87e-25	114	Avaga.UJR37154.1_hypothetical_protein_I4U23_029864
Hsapiens.NP_068746.2_translation_factor_GUF1,_mito	45.455	132	71	1	5.91e-25	114	Hsapiens.NP_068746.2_translation_factor_GUF1,_mito
Lanatina.XP_013411866.1_translation_factor_Guf1_mi	42.361	144	81	2	1.62e-24	112	Lanatina.XP_013411866.1_translation_factor_Guf1_mi
Aplanci.LOC110980994_elongation_factor_G_mitochond	40.719	167	81	3	1.81e-22	106	Aplanci.LOC110980994_elongation_factor_G_mitochond
Dmelanogaster.mEFG1_mitochondrial_translation_elon	41.317	167	80	5	7.27e-21	101	Dmelanogaster.mEFG1_mitochondrial_translation_elon
Bbelcheri.LOC109464375_elongation_factor_2like_par	34.286	140	75	1	1.10e-20	94.7	Bbelcheri.LOC109464375_elongation_factor_2like_par
Bbelcheri.LOC109462414_ribosomereleasing_factor_2_	36.957	184	92	5	1.95e-20	100	Bbelcheri.LOC109462414_ribosomereleasing_factor_2_
Myessoensis.XP_021368399.1_elongation_factor_G_mit	35.426	223	122	5	4.94e-20	99.0	Myessoensis.XP_021368399.1_elongation_factor_G_mit
Hsapiens.NP_079272.4_elongation_factor_G,_mitochon	43.478	138	69	3	6.10e-20	98.6	Hsapiens.NP_079272.4_elongation_factor_G,_mitochon
Bbelcheri.LOC109464469_elongation_factor_G_mitocho	35.484	217	118	5	7.53e-20	98.2	Bbelcheri.LOC109464469_elongation_factor_G_mitocho
Lanatina.XP_013401292.1_elongation_factor_G_mitoch	33.784	222	117	6	1.27e-19	97.4	Lanatina.XP_013401292.1_elongation_factor_G_mitoch
Cintestinalis.LOC100184797_elongation_factor_G_mit	36.527	167	89	5	2.71e-19	96.7	Cintestinalis.LOC100184797_elongation_factor_G_mit
Hsapiens.NP_115756.2_ribosome-releasing_factor_2,_	41.429	140	74	3	4.48e-19	95.9	Hsapiens.NP_115756.2_ribosome-releasing_factor_2,_
Myessoensis.XP_021357017.1_ribosomereleasing_facto	31.959	194	104	6	7.90e-19	95.1	Myessoensis.XP_021357017.1_ribosomereleasing_facto
Egranulosus.XP_024352686.1_Elongation_factor_G	36.111	180	97	3	1.05e-18	94.7	Egranulosus.XP_024352686.1_Elongation_factor_G
Avaga.UJR35627.1_hypothetical_protein_I4U23_028377	41.304	138	72	2	1.47e-18	94.4	Avaga.UJR35627.1_hypothetical_protein_I4U23_028377
Cintestinalis.LOC100186476_ribosomereleasing_facto	40.000	140	78	2	1.79e-18	94.0	Cintestinalis.LOC100186476_ribosomereleasing_facto
Lanatina.XP_013414084.1_ribosomereleasing_factor_2	38.406	138	75	3	3.25e-18	93.2	Lanatina.XP_013414084.1_ribosomereleasing_factor_2
Aplanci.LOC110984129_ribosomereleasing_factor_2_mi	39.568	139	72	3	5.23e-18	92.4	Aplanci.LOC110984129_ribosomereleasing_factor_2_mi
Egranulosus.XP_024354108.1_Elongation_factor_G	33.540	161	90	4	1.43e-14	81.3	Egranulosus.XP_024354108.1_Elongation_factor_G
Myessoensis.XP_021360940.1_116_kDa_U5_small_nuclea	27.404	208	134	4	3.12e-14	77.0	Myessoensis.XP_021360940.1_116_kDa_U5_small_nuclea
Lanatina.XP_013399740.1_ribosomereleasing_factor_2	42.105	95	48	2	3.29e-12	73.6	Lanatina.XP_013399740.1_ribosomereleasing_factor_2
Dmelanogaster.mRRF2_mitochondrial_ribosome_recycli	38.406	138	75	3	5.89e-12	72.8	Dmelanogaster.mRRF2_mitochondrial_ribosome_recycli
Avaga.UJR31476.1_hypothetical_protein_I4U23_018965	34.074	135	74	6	2.42e-11	70.1	Avaga.UJR31476.1_hypothetical_protein_I4U23_018965
Cintestinalis.LOC100180143_elongation_factor_Tu_mi	32.593	135	76	6	6.05e-11	68.9	Cintestinalis.LOC100180143_elongation_factor_Tu_mi
Egranulosus.XP_024346366.1_Elongation_factor_Tu	33.577	137	74	7	1.05e-10	68.2	Egranulosus.XP_024346366.1_Elongation_factor_Tu
Myessoensis.XP_021342370.1_elongation_factor_Tu_mi	33.333	147	85	6	3.02e-10	66.6	Myessoensis.XP_021342370.1_elongation_factor_Tu_mi
Lanatina.XP_013412769.1_eukaryotic_translation_ini	32.414	145	68	4	4.14e-10	67.0	Lanatina.XP_013412769.1_eukaryotic_translation_ini
Lanatina.XP_013383297.1_uncharacterized_protein_LO	32.576	132	80	5	5.15e-10	65.9	Lanatina.XP_013383297.1_uncharacterized_protein_LO
Egranulosus.XP_024355027.1_Eukaryotic_translation_	31.538	130	87	1	8.83e-10	65.5	Egranulosus.XP_024355027.1_Eukaryotic_translation_
Lanatina.XP_023931794.1_uncharacterized_protein_LO	32.576	132	80	5	8.99e-10	63.5	Lanatina.XP_023931794.1_uncharacterized_protein_LO
Dmelanogaster.mEFTu1_mitochondrial_translation_elo	32.090	134	78	7	1.06e-09	65.1	Dmelanogaster.mEFTu1_mitochondrial_translation_elo
Bbelcheri.LOC109463741_elongation_factor_Tu_mitoch	32.593	135	76	6	2.27e-09	63.9	Bbelcheri.LOC109463741_elongation_factor_Tu_mitoch
Myessoensis.XP_021367020.1_eukaryotic_translation_	30.769	130	88	1	2.37e-09	64.7	Myessoensis.XP_021367020.1_eukaryotic_translation_
Bbelcheri.LOC109467444_uncharacterized_protein_LOC	30.303	132	83	4	5.14e-09	62.4	Bbelcheri.LOC109467444_uncharacterized_protein_LOC
Hsapiens.NP_003312.3_elongation_factor_Tu,_mitocho	31.852	135	77	7	1.02e-08	61.6	Hsapiens.NP_003312.3_elongation_factor_Tu,_mitocho
Avaga.UJR25567.1_hypothetical_protein_I4U23_006912	30.827	133	86	3	1.07e-08	62.4	Avaga.UJR25567.1_hypothetical_protein_I4U23_006912
Cintestinalis.LOC100185599_eukaryotic_translation_	30.986	142	70	4	1.21e-08	62.4	Cintestinalis.LOC100185599_eukaryotic_translation_
Dmelanogaster.mEFTu2_mitochondrial_translation_elo	33.083	133	78	5	1.54e-08	61.2	Dmelanogaster.mEFTu2_mitochondrial_translation_elo
Dmelanogaster.eIF5B_eukaryotic_translation_initiat	29.231	130	90	1	1.64e-08	62.0	Dmelanogaster.eIF5B_eukaryotic_translation_initiat
Hsapiens.NP_056988.3_eukaryotic_translation_initia	29.861	144	71	4	2.57e-08	61.2	Hsapiens.NP_056988.3_eukaryotic_translation_initia
Avaga.UJR23336.1_hypothetical_protein_I4U23_026350	28.767	146	72	2	2.70e-08	60.8	Avaga.UJR23336.1_hypothetical_protein_I4U23_026350
Bbelcheri.LOC109467996_eukaryotic_translation_init	31.410	156	79	6	3.23e-08	60.8	Bbelcheri.LOC109467996_eukaryotic_translation_init
Cintestinalis.LOC100186261_selenocysteinespecific_	33.553	152	77	4	4.46e-08	60.1	Cintestinalis.LOC100186261_selenocysteinespecific_
Cintestinalis.LOC100176223_translation_initiation_	30.000	170	96	4	5.15e-08	60.1	Cintestinalis.LOC100176223_translation_initiation_
Avaga.UJR19361.1_hypothetical_protein_I4U23_022490	31.818	154	74	7	5.57e-08	59.3	Avaga.UJR19361.1_hypothetical_protein_I4U23_022490
Avaga.UJR26328.1_hypothetical_protein_I4U23_007666	30.000	150	82	4	5.65e-08	59.7	Avaga.UJR26328.1_hypothetical_protein_I4U23_007666
Avaga.UJR18532.1_hypothetical_protein_I4U23_005438	31.818	154	74	7	5.87e-08	59.3	Avaga.UJR18532.1_hypothetical_protein_I4U23_005438
Egranulosus.XP_024354500.1_Translation_initiation_	32.857	140	67	2	6.45e-08	59.7	Egranulosus.XP_024354500.1_Translation_initiation_
Lanatina.XP_023932313.1_HBS1like_protein	26.627	169	95	6	8.74e-08	59.3	Lanatina.XP_023932313.1_HBS1like_protein
Aplanci.LOC110974019_selenocysteinespecific_elonga	31.429	140	76	4	8.77e-08	58.9	Aplanci.LOC110974019_selenocysteinespecific_elonga
Dmelanogaster.mIF2_mitochondrial_translation_initi	30.233	129	71	3	1.06e-07	58.9	Dmelanogaster.mIF2_mitochondrial_translation_initi
Lanatina.XP_013414569.1_HBS1like_protein	28.030	132	74	4	1.44e-07	58.9	Lanatina.XP_013414569.1_HBS1like_protein
Egranulosus.XP_024348702.1_Selenocysteinespecific_	31.884	138	74	3	2.52e-07	57.4	Egranulosus.XP_024348702.1_Selenocysteinespecific_
Avaga.UJR36068.1_hypothetical_protein_I4U23_028804	30.714	140	73	4	4.84e-07	56.6	Avaga.UJR36068.1_hypothetical_protein_I4U23_028804
Dmelanogaster.HBS1_HBS1_isoform_A	31.373	153	76	6	5.28e-07	56.6	Dmelanogaster.HBS1_HBS1_isoform_A
Bbelcheri.LOC109474777_translation_initiation_fact	28.667	150	84	4	5.41e-07	56.6	Bbelcheri.LOC109474777_translation_initiation_fact
Lanatina.XP_013393266.1_selenocysteinespecific_elo	30.769	143	74	4	6.67e-07	56.2	Lanatina.XP_013393266.1_selenocysteinespecific_elo
Aplanci.LOC110980716_elongation_factor_Tu_mitochon	29.078	141	85	7	6.86e-07	55.8	Aplanci.LOC110980716_elongation_factor_Tu_mitochon
Lanatina.XP_013420042.1_selenocysteinespecific_elo	30.769	143	74	4	7.15e-07	56.2	Lanatina.XP_013420042.1_selenocysteinespecific_elo
Avaga.UJR23487.1_hypothetical_protein_I4U23_026486	31.169	154	75	7	1.03e-06	55.5	Avaga.UJR23487.1_hypothetical_protein_I4U23_026486
Avaga.UJR25417.1_hypothetical_protein_I4U23_006764	31.169	154	75	7	1.12e-06	55.1	Avaga.UJR25417.1_hypothetical_protein_I4U23_006764
Lanatina.XP_013402703.1_translation_initiation_fac	25.503	149	88	4	1.34e-06	55.5	Lanatina.XP_013402703.1_translation_initiation_fac
Dmelanogaster.eEF1alpha2_eukaryotic_translation_el	31.356	118	60	4	1.42e-06	55.1	Dmelanogaster.eEF1alpha2_eukaryotic_translation_el
Dmelanogaster.eEF1alpha1_eukaryotic_translation_el	31.356	118	60	4	1.50e-06	54.7	Dmelanogaster.eEF1alpha1_eukaryotic_translation_el
Myessoensis.XP_021362565.1_translation_initiation_	26.207	145	84	3	1.53e-06	55.1	Myessoensis.XP_021362565.1_translation_initiation_
Bbelcheri.LOC109481839_elongation_factor_1alpha	29.677	155	76	8	1.63e-06	54.7	Bbelcheri.LOC109481839_elongation_factor_1alpha
Hsapiens.NP_001393.1_elongation_factor_1-alpha_1	33.036	112	56	4	1.92e-06	54.7	Hsapiens.NP_001393.1_elongation_factor_1-alpha_1
Aplanci.LOC110978193_HBS1like_protein_isoform_X2	30.065	153	78	6	2.12e-06	55.1	Aplanci.LOC110978193_HBS1like_protein_isoform_X2
Myessoensis.XP_021346712.1_selenocysteinespecific_	30.137	146	74	4	2.28e-06	54.3	Myessoensis.XP_021346712.1_selenocysteinespecific_
Egranulosus.XP_024354347.1_HBS1like_protein	28.333	120	67	2	2.30e-06	54.7	Egranulosus.XP_024354347.1_HBS1like_protein
Aplanci.LOC110984093_eukaryotic_translation_initia	28.931	159	88	6	2.53e-06	54.7	Aplanci.LOC110984093_eukaryotic_translation_initia
Lanatina.XP_013405897.1_elongation_factor_1alpha	31.858	113	56	4	2.71e-06	53.9	Lanatina.XP_013405897.1_elongation_factor_1alpha
Hsapiens.NP_001949.1_elongation_factor_1-alpha_2	29.870	154	77	8	2.71e-06	53.9	Hsapiens.NP_001949.1_elongation_factor_1-alpha_2
Cintestinalis.LOC100186450_HBS1like_protein	28.205	156	81	6	2.90e-06	54.3	Cintestinalis.LOC100186450_HBS1like_protein
Myessoensis.XP_021367800.1_HBS1like_protein_isofor	26.667	120	69	2	2.90e-06	54.3	Myessoensis.XP_021367800.1_HBS1like_protein_isofor
Cintestinalis.LOC100179043_elongation_factor_1alph	29.032	155	77	8	3.05e-06	53.9	Cintestinalis.LOC100179043_elongation_factor_1alph
Cintestinalis.LOC100181775_elongation_factor_1alph	31.858	113	56	4	3.53e-06	53.5	Cintestinalis.LOC100181775_elongation_factor_1alph
Bbelcheri.LOC109479546_elongation_factor_1alpha	29.032	155	77	7	3.54e-06	53.9	Bbelcheri.LOC109479546_elongation_factor_1alpha
Myessoensis.XP_021355941.1_elongation_factor_1alph	29.032	155	77	7	5.22e-06	53.1	Myessoensis.XP_021355941.1_elongation_factor_1alph
Egranulosus.XP_024353706.1_Elongation_factor_1alph	31.858	113	56	4	7.59e-06	52.4	Egranulosus.XP_024353706.1_Elongation_factor_1alph
Bbelcheri.LOC109481787_elongation_factor_1alpha_so	28.571	154	79	7	8.02e-06	51.6	Bbelcheri.LOC109481787_elongation_factor_1alpha_so
Hsapiens.NP_006611.1_HBS1-like_protein_isoform_1	29.915	117	63	3	8.11e-06	52.8	Hsapiens.NP_006611.1_HBS1-like_protein_isoform_1
Cintestinalis.LOC100177129_elongation_factor_1alph	28.387	155	78	7	8.32e-06	52.4	Cintestinalis.LOC100177129_elongation_factor_1alph
Bbelcheri.LOC109469673_selenocysteinespecific_elon	28.477	151	85	5	9.41e-06	52.4	Bbelcheri.LOC109469673_selenocysteinespecific_elon
Avaga.UJR31540.1_hypothetical_protein_I4U23_019028	28.333	120	67	2	1.08e-05	52.4	Avaga.UJR31540.1_hypothetical_protein_I4U23_019028
Aplanci.LOC110986864_translation_initiation_factor	28.682	129	73	3	1.46e-05	52.0	Aplanci.LOC110986864_translation_initiation_factor
Dmelanogaster.eEFSec_eukaryotic_translation_elonga	31.655	139	80	4	1.62e-05	51.6	Dmelanogaster.eEFSec_eukaryotic_translation_elonga
Aplanci.LOC110978286_elongation_factor_1alpha	30.088	113	58	4	1.67e-05	51.6	Aplanci.LOC110978286_elongation_factor_1alpha
Hsapiens.NP_002444.2_translation_initiation_factor	29.457	129	72	3	6.76e-05	49.7	Hsapiens.NP_002444.2_translation_initiation_factor
Hsapiens.NP_068756.2_selenocysteine-specific_elong	25.658	152	83	3	1.89e-04	48.1	Hsapiens.NP_068756.2_selenocysteine-specific_elong
Avaga.UJR11747.1_hypothetical_protein_I4U23_015928	27.397	146	96	6	2.93e-04	45.8	Avaga.UJR11747.1_hypothetical_protein_I4U23_015928
Myessoensis.XP_021374102.1_elongation_factor_1alph	28.947	152	81	6	6.57e-04	46.6	Myessoensis.XP_021374102.1_elongation_factor_1alph
Egranulosus.XP_024348920.1_Eukaryotic_peptide_chai	24.194	124	75	3	0.006	43.5	Egranulosus.XP_024348920.1_Eukaryotic_peptide_chai
Avaga.UJR14677.1_hypothetical_protein_I4U23_001670	24.390	205	110	9	0.049	40.4	Avaga.UJR14677.1_hypothetical_protein_I4U23_001670
Hsapiens.NP_060564.2_eukaryotic_peptide_chain_rele	20.779	154	91	5	0.049	40.4	Hsapiens.NP_060564.2_eukaryotic_peptide_chain_rele
Bbelcheri.LOC109461697_LOW_QUALITY_PROTEIN_eukaryo	22.013	159	93	5	0.075	39.7	Bbelcheri.LOC109461697_LOW_QUALITY_PROTEIN_eukaryo
Dmelanogaster.eRF3_eukaryotic_translation_release_	21.429	154	90	5	0.11	39.3	Dmelanogaster.eRF3_eukaryotic_translation_release_
Hsapiens.NP_002085.3_eukaryotic_peptide_chain_rele	20.513	117	74	2	0.12	39.3	Hsapiens.NP_002085.3_eukaryotic_peptide_chain_rele
Bbelcheri.LOC109485391_GRB2associated_and_regulato	26.804	97	60	1	0.15	38.5	Bbelcheri.LOC109485391_GRB2associated_and_regulato
Myessoensis.XP_021361578.1_eukaryotic_peptide_chai	21.429	154	90	5	0.17	38.5	Myessoensis.XP_021361578.1_eukaryotic_peptide_chai
Lanatina.XP_013381842.1_eukaryotic_peptide_chain_r	22.078	154	89	5	0.18	38.5	Lanatina.XP_013381842.1_eukaryotic_peptide_chain_r
Myessoensis.XP_021357315.1_elongation_factor_1alph	22.981	161	111	4	0.24	38.1	Myessoensis.XP_021357315.1_elongation_factor_1alph
Avaga.UJR07588.1_hypothetical_protein_I4U23_011876	23.077	117	71	3	0.31	37.7	Avaga.UJR07588.1_hypothetical_protein_I4U23_011876
Myessoensis.XP_021378015.1_Nterminal_kinaselike_pr	33.333	69	44	2	0.34	37.7	Myessoensis.XP_021378015.1_Nterminal_kinaselike_pr
Cintestinalis.LOC100177861_eukaryotic_peptide_chai	20.513	117	74	2	0.38	37.4	Cintestinalis.LOC100177861_eukaryotic_peptide_chai
Avaga.UJR20005.1_hypothetical_protein_I4U23_023139	25.000	112	65	3	0.48	36.6	Avaga.UJR20005.1_hypothetical_protein_I4U23_023139
Aplanci.LOC110986059_eukaryotic_peptide_chain_rele	20.755	159	95	5	1.3	35.8	Aplanci.LOC110986059_eukaryotic_peptide_chain_rele
Myessoensis.XP_021341520.1_uncharacterized_protein	37.313	67	39	2	2.6	34.7	Myessoensis.XP_021341520.1_uncharacterized_protein
Bbelcheri.LOC109463320_inactive_rhomboid_protein_1	27.907	86	45	3	3.8	34.3	Bbelcheri.LOC109463320_inactive_rhomboid_protein_1
Avaga.UJR11356.1_hypothetical_protein_I4U23_015537	22.549	102	69	2	6.5	33.5	Avaga.UJR11356.1_hypothetical_protein_I4U23_015537
