IQ-TREE multicore version 2.1.1 COVID-edition for Linux 64-bit built Aug 22 2020
Developed by Bui Quang Minh, James Barbetti, Nguyen Lam Tung,
Olga Chernomor, Heiko Schmidt, Dominik Schrempf, Michael Woodhams.

Host:    ip-172-31-28-22.ec2.internal (AVX2, FMA3, 15 GB RAM)
Command: iqtree -s /home/ec2-user/labs/lab5-L4-jle/efl1/efl1.homologs.al.fas -bb 1000 -nt 2
Seed:    725012 (Using SPRNG - Scalable Parallel Random Number Generator)
Time:    Sun Sep 25 04:52:01 2022
Kernel:  AVX+FMA - 2 threads (4 CPU cores detected)

Reading alignment file /home/ec2-user/labs/lab5-L4-jle/efl1/efl1.homologs.al.fas ... Fasta format detected
Alignment most likely contains protein sequences
Alignment has 34 sequences with 1984 columns, 1451 distinct patterns
977 parsimony-informative, 346 singleton sites, 661 constant sites
                                                    Gap/Ambiguity  Composition  p-value
   1  Myessoensis.XP_021350409.1_elongation_factor_2like   59.12%    passed     11.91%
   2  Egranulosus.XP_024347861.1_U5_small_nuclear_ribonu   50.60%    passed     11.39%
   3  Avaga.UJR09000.1_hypothetical_protein_I4U23_013250   49.55%    passed     24.55%
   4  Dmelanogaster.CG4849_uncharacterized_protein_Dmel_   50.86%    passed     90.79%
   5  Myessoensis.XP_021345506.1_116_kDa_U5_small_nuclea   65.47%    passed      6.68%
   6  Cintestinalis.LOC100175824_116_kDa_U5_small_nuclea   50.96%    passed     65.24%
   7  Lanatina.XP_013419342.1_116_kDa_U5_small_nuclear_r   56.70%    failed      1.96%
   8  Lanatina.XP_023933490.1_116_kDa_U5_small_nuclear_r   51.01%    passed     27.78%
   9  Hsapiens.NP_004238.3_116_kDa_U5_small_nuclear_ribo   51.01%    passed      8.83%
  10  Bbelcheri.LOC109461499_116_kDa_U5_small_nuclear_ri   50.81%    passed     57.70%
  11  Aplanci.LOC110989613_116_kDa_U5_small_nuclear_ribo   51.11%    passed     45.55%
  12  Avaga.UJR26319.1_hypothetical_protein_I4U23_007657   57.41%    passed     34.58%
  13  Avaga.UJR19151.1_hypothetical_protein_I4U23_022281   60.28%    failed      0.00%
  14  Myessoensis.XP_021349219.1_elongation_factor_2like   57.71%    passed      5.55%
  15  Egranulosus.XP_024354781.1_Elongation_factor_2       41.99%    passed     18.09%
  16  Myessoensis.XP_021362159.1_elongation_factor_2like   57.31%    passed     60.66%
  17  Lanatina.XP_013394736.1_elongation_factor_2          57.26%    passed     16.18%
  18  Cintestinalis.LOC100177993_elongation_factor_2like   57.61%    passed     67.33%
  19  Cintestinalis.LOC100178953_LOW_QUALITY_PROTEIN_elo   57.26%    passed     90.30%
  20  Hsapiens.NP_001952.1_elongation_factor_2             56.75%    passed     80.65%
  21  Bbelcheri.LOC109464429_elongation_factor_2like       57.46%    passed     70.62%
  22  Aplanci.LOC110987647_elongation_factor_2like         57.66%    passed     55.20%
  23  Avaga.UJR10301.1_hypothetical_protein_I4U23_014507   57.41%    passed     53.11%
  24  Avaga.UJR35689.1_hypothetical_protein_I4U23_028438   57.41%    passed     53.11%
  25  Dmelanogaster.eEF2_eukaryotic_translation_elongati   57.46%    passed     66.34%
  26  Egranulosus.XP_024355481.1_Elongation_factor_Tu_GT   24.55%    failed      0.00%
  27  Avaga.UJR28421.1_hypothetical_protein_I4U23_009661   42.94%    failed      0.60%
  28  Dmelanogaster.CG33158_uncharacterized_protein_Dmel   47.93%    passed     25.49%
  29  Cintestinalis.LOC100175902_elongation_factorlike_G   48.24%    failed      0.79%
  30  Hsapiens.NP_078856.4_elongation_factor-like_GTPase   43.55%    passed      7.59%
  31  Bbelcheri.LOC109463052_elongation_factorlike_GTPas   42.04%    failed      0.43%
  32  Aplanci.LOC110988091_elongation_factorlike_GTPase_   42.29%    failed      3.17%
  33  Lanatina.XP_013413557.1_elongation_factorlike_GTPa   42.94%    passed     27.97%
  34  Myessoensis.XP_021362732.1_elongation_factorlike_G   42.29%    passed     38.67%
WARNING: 23 sequences contain more than 50% gaps/ambiguity
****  TOTAL                                                51.62%  7 sequences failed composition chi2 test (p-value<5%; df=19)
NOTE: Avaga.UJR35689.1_hypothetical_protein_I4U23_028438 is identical to Avaga.UJR10301.1_hypothetical_protein_I4U23_014507 but kept for subsequent analysis


Create initial parsimony tree by phylogenetic likelihood library (PLL)... 0.015 seconds
Perform fast likelihood tree search using LG+I+G model...
Estimate model parameters (epsilon = 5.000)
Perform nearest neighbor interchange...
Estimate model parameters (epsilon = 1.000)
1. Initial log-likelihood: -43357.844
Optimal log-likelihood: -43357.184
Proportion of invariable sites: 0.021
Gamma shape alpha: 1.341
Parameters optimization took 1 rounds (0.163 sec)
Time for fast ML tree search: 2.111 seconds

NOTE: ModelFinder requires 82 MB RAM!
ModelFinder will test up to 546 protein models (sample size: 1984) ...
 No. Model         -LnL         df  AIC          AICc         BIC
  1  LG            44638.846    65  89407.693    89412.166    89771.229
  2  LG+I          44445.915    66  89023.830    89028.444    89392.960
  3  LG+G4         43368.794    66  86869.588    86874.202    87238.718
  4  LG+I+G4       43356.956    67  86847.912    86852.668    87222.635
  5  LG+R2         43566.604    67  87267.208    87271.964    87641.931
  6  LG+R3         43391.064    69  86920.129    86925.176    87306.037
  7  LG+R4         43344.445    71  86830.890    86836.238    87227.984
  8  LG+R5         43336.840    73  86819.681    86825.337    87227.960
  9  LG+R6         43333.952    75  86817.903    86823.878    87237.368
 17  LG+F+I+G4     43295.267    86  86762.534    86770.422    87243.521
 20  LG+F+R4       43281.393    90  86742.785    86751.438    87246.143
 21  LG+F+R5       43274.525    92  86733.049    86742.098    87247.593
 30  WAG+I+G4      43541.273    67  87216.546    87221.302    87591.268
 33  WAG+R4        43531.351    71  87204.702    87210.049    87601.795
 34  WAG+R5        43524.202    73  87194.404    87200.061    87602.684
 43  WAG+F+I+G4    43482.135    86  87136.269    87144.157    87617.256
 46  WAG+F+R4      43471.451    90  87122.901    87131.554    87626.259
 47  WAG+F+R5      43464.092    92  87112.184    87121.233    87626.728
 56  JTT+I+G4      43737.401    67  87608.801    87613.557    87983.524
 59  JTT+R4        43726.340    71  87594.680    87600.028    87991.774
 60  JTT+R5        43723.067    73  87592.135    87597.791    88000.414
 69  JTT+F+I+G4    43704.345    86  87580.691    87588.579    88061.678
 72  JTT+F+R4      43693.160    90  87566.319    87574.972    88069.678
 73  JTT+F+R5      43689.319    92  87562.639    87571.688    88077.183
 82  JTTDCMut+I+G4 43733.706    67  87601.412    87606.167    87976.134
 85  JTTDCMut+R4   43722.329    71  87586.658    87592.005    87983.752
 86  JTTDCMut+R5   43719.115    73  87584.229    87589.886    87992.509
 95  JTTDCMut+F+I+G4 43699.178    86  87570.356    87578.245    88051.343
 98  JTTDCMut+F+R4 43687.950    90  87555.900    87564.553    88059.259
 99  JTTDCMut+F+R5 43683.972    92  87551.944    87560.993    88066.488
108  DCMut+I+G4    44011.006    67  88156.011    88160.767    88530.734
111  DCMut+R4      43999.429    71  88140.858    88146.205    88537.952
112  DCMut+R5      43991.381    73  88128.763    88134.419    88537.042
121  DCMut+F+I+G4  43834.741    86  87841.483    87849.371    88322.470
124  DCMut+F+R4    43823.213    90  87826.426    87835.079    88329.784
125  DCMut+F+R5    43814.144    92  87812.289    87821.338    88326.833
134  VT+I+G4       43564.031    67  87262.062    87266.818    87636.785
137  VT+R4         43558.678    71  87259.357    87264.704    87656.451
138  VT+R5         43554.080    73  87254.159    87259.816    87662.439
147  VT+F+I+G4     43539.216    86  87250.431    87258.320    87731.418
150  VT+F+R4       43533.482    90  87246.963    87255.616    87750.321
151  VT+F+R5       43528.767    92  87241.534    87250.583    87756.078
160  PMB+I+G4      43869.457    67  87872.913    87877.669    88247.635
163  PMB+R4        43865.966    71  87873.932    87879.280    88271.026
164  PMB+R5        43862.180    73  87870.360    87876.017    88278.640
173  PMB+F+I+G4    43785.072    86  87742.144    87750.032    88223.130
176  PMB+F+R4      43779.348    90  87738.696    87747.349    88242.054
177  PMB+F+R5      43774.972    92  87733.944    87742.993    88248.488
186  Blosum62+I+G4 43853.778    67  87841.556    87846.312    88216.279
189  Blosum62+R4   43848.009    71  87838.017    87843.364    88235.111
190  Blosum62+R5   43843.792    73  87833.585    87839.241    88241.864
199  Blosum62+F+I+G4 43773.131    86  87718.263    87726.151    88199.250
202  Blosum62+F+R4 43765.260    90  87710.521    87719.174    88213.879
203  Blosum62+F+R5 43761.046    92  87706.091    87715.140    88220.635
212  Dayhoff+I+G4  44009.773    67  88153.546    88158.301    88528.268
215  Dayhoff+R4    43998.169    71  88138.338    88143.685    88535.432
216  Dayhoff+R5    43990.138    73  88126.276    88131.933    88534.556
225  Dayhoff+F+I+G4 43834.470    86  87840.939    87848.828    88321.926
228  Dayhoff+F+R4  43822.912    90  87825.824    87834.477    88329.182
229  Dayhoff+F+R5  43813.738    92  87811.476    87820.525    88326.020
238  mtREV+I+G4    46008.818    67  92151.636    92156.392    92526.358
241  mtREV+R4      45995.708    71  92133.415    92138.762    92530.509
242  mtREV+R5      45978.626    73  92103.252    92108.909    92511.532
251  mtREV+F+I+G4  44201.830    86  88575.661    88583.549    89056.648
254  mtREV+F+R4    44180.473    90  88540.945    88549.598    89044.303
255  mtREV+F+R5    44160.508    92  88505.017    88514.066    89019.561
264  mtART+I+G4    46114.551    67  92363.102    92367.858    92737.824
267  mtART+R4      46104.803    71  92351.607    92356.954    92748.701
268  mtART+R5      46077.987    73  92301.974    92307.631    92710.254
277  mtART+F+I+G4  44362.041    86  88896.083    88903.971    89377.070
280  mtART+F+R4    44336.598    90  88853.196    88861.849    89356.554
281  mtART+F+R5    44310.462    92  88804.923    88813.973    89319.467
290  mtZOA+I+G4    45251.029    67  90636.058    90640.814    91010.781
293  mtZOA+R4      45239.112    71  90620.224    90625.571    91017.318
294  mtZOA+R5      45218.124    73  90582.248    90587.905    90990.528
303  mtZOA+F+I+G4  43953.544    86  88079.089    88086.977    88560.076
306  mtZOA+F+R4    43925.010    90  88030.020    88038.673    88533.378
307  mtZOA+F+R5    43905.099    92  87994.199    88003.248    88508.743
316  mtMet+I+G4    45950.219    67  92034.439    92039.194    92409.161
319  mtMet+R4      45936.818    71  92015.637    92020.984    92412.730
320  mtMet+R5      45925.322    73  91996.645    92002.301    92404.924
329  mtMet+F+I+G4  44174.323    86  88520.646    88528.535    89001.633
332  mtMet+F+R4    44151.685    90  88483.370    88492.023    88986.728
333  mtMet+F+R5    44140.774    92  88465.548    88474.597    88980.092
342  mtVer+I+G4    46553.827    67  93241.654    93246.410    93616.377
345  mtVer+R4      46536.526    71  93215.052    93220.399    93612.146
346  mtVer+R5      46523.907    73  93193.814    93199.471    93602.094
355  mtVer+F+I+G4  44913.221    86  89998.442    90006.331    90479.429
358  mtVer+F+R4    44881.155    90  89942.311    89950.963    90445.669
359  mtVer+F+R5    44873.584    92  89931.167    89940.216    90445.711
368  mtInv+I+G4    46060.147    67  92254.294    92259.050    92629.017
371  mtInv+R4      46052.834    71  92247.667    92253.015    92644.761
372  mtInv+R5      46041.920    73  92229.841    92235.497    92638.120
381  mtInv+F+I+G4  43809.547    86  87791.094    87798.982    88272.080
384  mtInv+F+R4    43790.641    90  87761.281    87769.934    88264.640
385  mtInv+F+R5    43780.230    92  87744.461    87753.510    88259.005
394  mtMAM+I+G4    47124.648    67  94383.296    94388.052    94758.018
397  mtMAM+R4      47099.082    71  94340.164    94345.511    94737.257
398  mtMAM+R5      47073.452    73  94292.904    94298.560    94701.183
407  mtMAM+F+I+G4  45289.429    86  90750.858    90758.746    91231.845
410  mtMAM+F+R4    45255.846    90  90691.693    90700.346    91195.051
411  mtMAM+F+R5    45239.534    92  90663.068    90672.118    91177.612
420  HIVb+I+G4     44981.430    67  90096.861    90101.616    90471.583
423  HIVb+R4       44965.932    71  90073.865    90079.212    90470.959
424  HIVb+R5       44954.155    73  90054.310    90059.967    90462.590
433  HIVb+F+I+G4   44738.390    86  89648.779    89656.667    90129.766
436  HIVb+F+R4     44722.506    90  89625.011    89633.664    90128.370
437  HIVb+F+R5     44708.185    92  89600.370    89609.419    90114.914
446  HIVw+I+G4     47024.711    67  94183.422    94188.178    94558.145
449  HIVw+R4       46998.501    71  94139.002    94144.349    94536.096
450  HIVw+R5       46985.544    73  94117.088    94122.744    94525.367
459  HIVw+F+I+G4   46184.727    86  92541.454    92549.343    93022.441
462  HIVw+F+R4     46164.502    90  92509.004    92517.656    93012.362
463  HIVw+F+R5     46151.522    92  92487.045    92496.094    93001.589
472  FLU+I+G4      44782.574    67  89699.149    89703.905    90073.871
475  FLU+R4        44763.911    71  89669.822    89675.169    90066.915
476  FLU+R5        44754.133    73  89654.267    89659.923    90062.546
485  FLU+F+I+G4    44570.954    86  89313.909    89321.797    89794.895
488  FLU+F+R4      44548.373    90  89276.745    89285.398    89780.104
489  FLU+F+R5      44541.503    92  89267.006    89276.055    89781.550
498  rtREV+I+G4    43685.623    67  87505.247    87510.002    87879.969
501  rtREV+R4      43676.008    71  87494.016    87499.363    87891.110
502  rtREV+R5      43668.858    73  87483.717    87489.373    87891.996
511  rtREV+F+I+G4  43388.188    86  86948.376    86956.264    87429.363
514  rtREV+F+R4    43379.523    90  86939.045    86947.698    87442.404
515  rtREV+F+R5    43371.338    92  86926.676    86935.725    87441.220
524  cpREV+I+G4    43942.598    67  88019.195    88023.951    88393.918
527  cpREV+R4      43923.257    71  87988.514    87993.861    88385.607
528  cpREV+R5      43916.494    73  87978.987    87984.644    88387.267
537  cpREV+F+I+G4  43766.655    86  87705.309    87713.197    88186.296
540  cpREV+F+R4    43742.039    90  87664.077    87672.730    88167.436
541  cpREV+F+R5    43730.087    92  87644.175    87653.224    88158.719
Akaike Information Criterion:           LG+F+R5
Corrected Akaike Information Criterion: LG+F+R5
Bayesian Information Criterion:         LG+I+G4
Best-fit model: LG+I+G4 chosen according to BIC

All model information printed to /home/ec2-user/labs/lab5-L4-jle/efl1/efl1.homologs.al.fas.model.gz
CPU time for ModelFinder: 2053.997 seconds (0h:34m:13s)
Wall-clock time for ModelFinder: 1029.120 seconds (0h:17m:9s)
Generating 1000 samples for ultrafast bootstrap (seed: 725012)...

NOTE: 36 MB RAM (0 GB) is required!
Estimate model parameters (epsilon = 0.100)
Thoroughly optimizing +I+G parameters from 10 start values...
Init pinv, alpha: 0.000, 1.328 / Estimate: 0.000, 1.180 / LogL: -43368.779
Init pinv, alpha: 0.037, 1.328 / Estimate: 0.019, 1.323 / LogL: -43356.951
Init pinv, alpha: 0.074, 1.328 / Estimate: 0.019, 1.325 / LogL: -43356.961
Init pinv, alpha: 0.111, 1.328 / Estimate: 0.019, 1.324 / LogL: -43356.947
Init pinv, alpha: 0.148, 1.328 / Estimate: 0.019, 1.325 / LogL: -43356.956
Init pinv, alpha: 0.185, 1.328 / Estimate: 0.019, 1.326 / LogL: -43356.965
Init pinv, alpha: 0.222, 1.328 / Estimate: 0.019, 1.326 / LogL: -43356.974
Init pinv, alpha: 0.259, 1.328 / Estimate: 0.019, 1.324 / LogL: -43356.946
Init pinv, alpha: 0.296, 1.328 / Estimate: 0.019, 1.324 / LogL: -43356.949
Init pinv, alpha: 0.333, 1.328 / Estimate: 0.019, 1.325 / LogL: -43356.952
Optimal pinv,alpha: 0.019, 1.324 / LogL: -43356.946

Parameters optimization took 11.841 sec
Computing ML distances based on estimated model parameters...
Computing ML distances took 0.089315 sec (of wall-clock time) 0.177368 sec(of CPU time)
Computing RapidNJ tree took 0.000455 sec (of wall-clock time) 0.000477 sec (of CPU time)
Log-likelihood of RapidNJ tree: -43587.868
--------------------------------------------------------------------
|             INITIALIZING CANDIDATE TREE SET                      |
--------------------------------------------------------------------
Generating 98 parsimony trees... 1.345 second
Computing log-likelihood of 98 initial trees ... 5.123 seconds
Current best score: -43356.946

Do NNI search on 20 best initial trees
Estimate model parameters (epsilon = 0.100)
BETTER TREE FOUND at iteration 1: -43356.932
Estimate model parameters (epsilon = 0.100)
BETTER TREE FOUND at iteration 9: -43355.493
Iteration 10 / LogL: -43359.143 / Time: 0h:0m:29s
Iteration 20 / LogL: -43370.370 / Time: 0h:0m:40s
Finish initializing candidate tree set (7)
Current best tree score: -43355.493 / CPU time: 27.935
Number of iterations: 20
--------------------------------------------------------------------
|               OPTIMIZING CANDIDATE TREE SET                      |
--------------------------------------------------------------------
Iteration 30 / LogL: -43357.080 / Time: 0h:0m:49s (0h:2m:13s left)
Iteration 40 / LogL: -43355.504 / Time: 0h:0m:58s (0h:1m:42s left)
Iteration 50 / LogL: -43355.497 / Time: 0h:1m:7s (0h:1m:21s left)
Log-likelihood cutoff on original alignment: -43448.099
Iteration 60 / LogL: -43356.740 / Time: 0h:1m:17s (0h:1m:4s left)
Iteration 70 / LogL: -43358.093 / Time: 0h:1m:26s (0h:0m:48s left)
Iteration 80 / LogL: -43355.635 / Time: 0h:1m:35s (0h:0m:34s left)
Iteration 90 / LogL: -43356.917 / Time: 0h:1m:45s (0h:0m:22s left)
Iteration 100 / LogL: -43364.186 / Time: 0h:1m:55s (0h:0m:10s left)
Log-likelihood cutoff on original alignment: -43448.099
NOTE: Bootstrap correlation coefficient of split occurrence frequencies: 0.999
Iteration 110 / LogL: -43355.504 / Time: 0h:2m:5s (0h:1m:43s left)
TREE SEARCH COMPLETED AFTER 110 ITERATIONS / Time: 0h:2m:5s

--------------------------------------------------------------------
|                    FINALIZING TREE SEARCH                        |
--------------------------------------------------------------------
Performs final model parameters optimization
Estimate model parameters (epsilon = 0.010)
1. Initial log-likelihood: -43355.493
2. Current log-likelihood: -43355.483
Optimal log-likelihood: -43355.477
Proportion of invariable sites: 0.018
Gamma shape alpha: 1.312
Parameters optimization took 2 rounds (0.304 sec)
BEST SCORE FOUND : -43355.477
Creating bootstrap support values...
Split supports printed to NEXUS file /home/ec2-user/labs/lab5-L4-jle/efl1/efl1.homologs.al.fas.splits.nex
Total tree length: 20.285

Total number of iterations: 110
CPU time used for tree search: 225.852 sec (0h:3m:45s)
Wall-clock time used for tree search: 113.108 sec (0h:1m:53s)
Total CPU time used: 251.683 sec (0h:4m:11s)
Total wall-clock time used: 125.947 sec (0h:2m:5s)

Computing bootstrap consensus tree...
Reading input file /home/ec2-user/labs/lab5-L4-jle/efl1/efl1.homologs.al.fas.splits.nex...
34 taxa and 191 splits.
Consensus tree written to /home/ec2-user/labs/lab5-L4-jle/efl1/efl1.homologs.al.fas.contree
Reading input trees file /home/ec2-user/labs/lab5-L4-jle/efl1/efl1.homologs.al.fas.contree
Log-likelihood of consensus tree: -43357.393

Analysis results written to: 
  IQ-TREE report:                /home/ec2-user/labs/lab5-L4-jle/efl1/efl1.homologs.al.fas.iqtree
  Maximum-likelihood tree:       /home/ec2-user/labs/lab5-L4-jle/efl1/efl1.homologs.al.fas.treefile
  Likelihood distances:          /home/ec2-user/labs/lab5-L4-jle/efl1/efl1.homologs.al.fas.mldist

Ultrafast bootstrap approximation results written to:
  Split support values:          /home/ec2-user/labs/lab5-L4-jle/efl1/efl1.homologs.al.fas.splits.nex
  Consensus tree:                /home/ec2-user/labs/lab5-L4-jle/efl1/efl1.homologs.al.fas.contree
  Screen log file:               /home/ec2-user/labs/lab5-L4-jle/efl1/efl1.homologs.al.fas.log

Date and Time: Sun Sep 25 05:11:17 2022
